<?xml version="1.0" encoding="UTF-8"?>
<!-- Generated by org.testng.reporters.JUnitReportReporter -->
<testsuite skipped="0" hostname="IND-SEN-LP-011" name="www.testKeyword.framework.LoginTest" tests="1" failures="0" timestamp="04 Jan 2021 04:39:38 GMT" time="18.951" errors="0">
  <testcase name="login" time="18.951" classname="www.testKeyword.framework.LoginTest"/>
</testsuite> <!-- www.testKeyword.framework.LoginTest -->
